2018-03-22T12:12:27+03:00 INFO (6): autoru@autopartslist.ru
2018-03-22T12:12:27+03:00 INFO (6): Часть 0
2018-03-22T12:12:27+03:00 DEBUG (7): subject: Заявка на новый товар с портала Авто.ру
2018-03-22T12:12:27+03:00 DEBUG (7): type: multipart/mixed;
 boundary="===============4344263262206975192=="
2018-03-22T12:12:27+03:00 DEBUG (7): headers:
2018-03-22T12:12:27+03:00 DEBUG (7): content:
2018-03-22T12:12:27+03:00 INFO (6): Часть 1
2018-03-22T12:12:27+03:00 DEBUG (7): subject:
2018-03-22T12:12:27+03:00 DEBUG (7): type: text/html;
 charset="utf-8"
2018-03-22T12:12:27+03:00 DEBUG (7): headers:
2018-03-22T12:12:27+03:00 DEBUG (7): content: mail Размещение на Авто.ру. Здравствуйте! Вам поступила заявка на товар Термостат KIA SPECTRA 00-/RIO 1.3/1.5/1.6 00-05 LUZAR LT 0871, 1 шт. [Объявление на Авто.ру] Автомобиль: Kia Spectra Номер запчасти: LT 0871 Информация о покупателе: Телефон: 79112003540 Счастливого пути. Команда Запчасти на Авто.ру Письмо отправлено автоматически. Если вы считаете, что получили его по ошибке свяжитесь с нами.
2018-03-22T23:31:21+03:00 INFO (6): autoru@autopartslist.ru
2018-03-22T23:31:22+03:00 INFO (6): Часть 0
2018-03-22T23:31:22+03:00 DEBUG (7): subject: Заявка на новый товар с портала Авто.ру
2018-03-22T23:31:22+03:00 DEBUG (7): type: multipart/mixed;
 boundary="===============4344263262206975192=="
2018-03-22T23:31:22+03:00 DEBUG (7): headers:
2018-03-22T23:31:22+03:00 DEBUG (7): content:
2018-03-22T23:31:22+03:00 INFO (6): Часть 1
2018-03-22T23:31:22+03:00 DEBUG (7): subject:
2018-03-22T23:31:22+03:00 DEBUG (7): type: text/html;
 charset="utf-8"
2018-03-22T23:31:22+03:00 DEBUG (7): headers:
2018-03-22T23:31:22+03:00 DEBUG (7): content: mail Размещение на Авто.ру. Здравствуйте! Вам поступила заявка на товар Термостат KIA SPECTRA 00-/RIO 1.3/1.5/1.6 00-05 LUZAR LT 0871, 1 шт. [Объявление на Авто.ру] Автомобиль: Kia Spectra Номер запчасти: LT 0871 Информация о покупателе: Телефон: 79112003540 Счастливого пути. Команда Запчасти на Авто.ру Письмо отправлено автоматически. Если вы считаете, что получили его по ошибке свяжитесь с нами.
2018-03-22T23:31:23+03:00 INFO (6): Часть 1
2018-03-22T23:31:23+03:00 DEBUG (7): subject: Заявка на новый товар с портала Авто.ру
2018-03-22T23:31:23+03:00 DEBUG (7): type: multipart/mixed;
 boundary="===============3882167372329129705=="
2018-03-22T23:31:23+03:00 DEBUG (7): headers:
2018-03-22T23:31:23+03:00 DEBUG (7): content:
2018-03-22T23:31:23+03:00 INFO (6): Часть 2
2018-03-22T23:31:23+03:00 DEBUG (7): subject:
2018-03-22T23:31:23+03:00 DEBUG (7): type: text/html;
 charset="utf-8"
2018-03-22T23:31:23+03:00 DEBUG (7): headers:
2018-03-22T23:31:23+03:00 DEBUG (7): content: mail Размещение на Авто.ру. Здравствуйте! Вам поступила заявка на товар Трос стояночного тормоза HYUNDAI STAREX 01-06 PMC 599134A231 599134A231 PARTS-MALL PTA-501, 2 шт. [Объявление на Авто.ру] Автомобиль: Hyundai Starex Номер запчасти: PTA-501 Информация о покупателе: Телефон: 79214524993 Адрес доставки: КАРЕЛИЯ Питкяранта Счастливого пути. Команда Запчасти на Авто.ру Письмо отправлено автоматически. Если вы считаете, что получили его по ошибке свяжитесь с нами.
2018-03-22T23:32:47+03:00 INFO (6): autoru@autopartslist.ru
2018-03-22T23:33:03+03:00 INFO (6): autoru@autopartslist.ru
2018-03-22T23:33:03+03:00 INFO (6): Часть 0
2018-03-22T23:33:03+03:00 DEBUG (7): subject: Заявка на новый товар с портала Авто.ру
2018-03-22T23:33:03+03:00 DEBUG (7): type: multipart/mixed;
 boundary="===============4344263262206975192=="
2018-03-22T23:33:03+03:00 DEBUG (7): headers:
2018-03-22T23:33:03+03:00 DEBUG (7): content:
2018-03-22T23:33:03+03:00 INFO (6): Часть 1
2018-03-22T23:33:03+03:00 DEBUG (7): subject:
2018-03-22T23:33:03+03:00 DEBUG (7): type: text/html;
 charset="utf-8"
2018-03-22T23:33:03+03:00 DEBUG (7): headers:
2018-03-22T23:33:03+03:00 DEBUG (7): content: mail Размещение на Авто.ру. Здравствуйте! Вам поступила заявка на товар Термостат KIA SPECTRA 00-/RIO 1.3/1.5/1.6 00-05 LUZAR LT 0871, 1 шт. [Объявление на Авто.ру] Автомобиль: Kia Spectra Номер запчасти: LT 0871 Информация о покупателе: Телефон: 79112003540 Счастливого пути. Команда Запчасти на Авто.ру Письмо отправлено автоматически. Если вы считаете, что получили его по ошибке свяжитесь с нами.
2018-03-22T23:33:04+03:00 INFO (6): Часть 1
2018-03-22T23:33:04+03:00 DEBUG (7): subject: Заявка на новый товар с портала Авто.ру
2018-03-22T23:33:04+03:00 DEBUG (7): type: multipart/mixed;
 boundary="===============3882167372329129705=="
2018-03-22T23:33:04+03:00 DEBUG (7): headers:
2018-03-22T23:33:04+03:00 DEBUG (7): content:
2018-03-22T23:33:04+03:00 INFO (6): Часть 2
2018-03-22T23:33:04+03:00 DEBUG (7): subject:
2018-03-22T23:33:04+03:00 DEBUG (7): type: text/html;
 charset="utf-8"
2018-03-22T23:33:04+03:00 DEBUG (7): headers:
2018-03-22T23:33:04+03:00 DEBUG (7): content: mail Размещение на Авто.ру. Здравствуйте! Вам поступила заявка на товар Трос стояночного тормоза HYUNDAI STAREX 01-06 PMC 599134A231 599134A231 PARTS-MALL PTA-501, 2 шт. [Объявление на Авто.ру] Автомобиль: Hyundai Starex Номер запчасти: PTA-501 Информация о покупателе: Телефон: 79214524993 Адрес доставки: КАРЕЛИЯ Питкяранта Счастливого пути. Команда Запчасти на Авто.ру Письмо отправлено автоматически. Если вы считаете, что получили его по ошибке свяжитесь с нами.
2018-03-22T23:40:31+03:00 INFO (6): autoru@autopartslist.ru
2018-03-22T23:40:31+03:00 INFO (6): Часть 0
2018-03-22T23:40:31+03:00 DEBUG (7): subject: Заявка на новый товар с портала Авто.ру
2018-03-22T23:40:31+03:00 DEBUG (7): type: multipart/mixed;
 boundary="===============4344263262206975192=="
2018-03-22T23:40:31+03:00 DEBUG (7): headers:
2018-03-22T23:40:31+03:00 DEBUG (7): content:
2018-03-22T23:40:31+03:00 INFO (6): Часть 1
2018-03-22T23:40:31+03:00 DEBUG (7): subject:
2018-03-22T23:40:31+03:00 DEBUG (7): type: text/html;
 charset="utf-8"
2018-03-22T23:40:31+03:00 DEBUG (7): headers:
2018-03-22T23:40:31+03:00 DEBUG (7): content: mail Размещение на Авто.ру. Здравствуйте! Вам поступила заявка на товар Термостат KIA SPECTRA 00-/RIO 1.3/1.5/1.6 00-05 LUZAR LT 0871, 1 шт. [Объявление на Авто.ру] Автомобиль: Kia Spectra Номер запчасти: LT 0871 Информация о покупателе: Телефон: 79112003540 Счастливого пути. Команда Запчасти на Авто.ру Письмо отправлено автоматически. Если вы считаете, что получили его по ошибке свяжитесь с нами.
2018-03-22T23:40:31+03:00 INFO (6): Часть 1
2018-03-22T23:40:31+03:00 DEBUG (7): subject: Заявка на новый товар с портала Авто.ру
2018-03-22T23:40:31+03:00 DEBUG (7): type: multipart/mixed;
 boundary="===============3882167372329129705=="
2018-03-22T23:40:31+03:00 DEBUG (7): headers:
2018-03-22T23:40:31+03:00 DEBUG (7): content:
2018-03-22T23:40:31+03:00 INFO (6): Часть 2
2018-03-22T23:40:31+03:00 DEBUG (7): subject:
2018-03-22T23:40:31+03:00 DEBUG (7): type: text/html;
 charset="utf-8"
2018-03-22T23:40:31+03:00 DEBUG (7): headers:
2018-03-22T23:40:31+03:00 DEBUG (7): content: mail Размещение на Авто.ру. Здравствуйте! Вам поступила заявка на товар Трос стояночного тормоза HYUNDAI STAREX 01-06 PMC 599134A231 599134A231 PARTS-MALL PTA-501, 2 шт. [Объявление на Авто.ру] Автомобиль: Hyundai Starex Номер запчасти: PTA-501 Информация о покупателе: Телефон: 79214524993 Адрес доставки: КАРЕЛИЯ Питкяранта Счастливого пути. Команда Запчасти на Авто.ру Письмо отправлено автоматически. Если вы считаете, что получили его по ошибке свяжитесь с нами.
2018-03-23T00:18:43+03:00 INFO (6): autoru@autopartslist.ru
2018-03-23T00:18:43+03:00 INFO (6): Часть 0
2018-03-23T00:18:43+03:00 DEBUG (7): subject: Заявка на новый товар с портала Авто.ру
2018-03-23T00:18:43+03:00 DEBUG (7): type: multipart/mixed;
 boundary="===============4344263262206975192=="
2018-03-23T00:18:43+03:00 DEBUG (7): headers:
2018-03-23T00:18:43+03:00 DEBUG (7): content:
2018-03-23T00:18:44+03:00 INFO (6): Часть 1
2018-03-23T00:18:44+03:00 DEBUG (7): subject:
2018-03-23T00:18:44+03:00 DEBUG (7): type: text/html;
 charset="utf-8"
2018-03-23T00:18:44+03:00 DEBUG (7): headers:
2018-03-23T00:18:44+03:00 DEBUG (7): content: mail Размещение на Авто.ру. Здравствуйте! Вам поступила заявка на товар Термостат KIA SPECTRA 00-/RIO 1.3/1.5/1.6 00-05 LUZAR LT 0871, 1 шт. [Объявление на Авто.ру] Автомобиль: Kia Spectra Номер запчасти: LT 0871 Информация о покупателе: Телефон: 79112003540 Счастливого пути. Команда Запчасти на Авто.ру Письмо отправлено автоматически. Если вы считаете, что получили его по ошибке свяжитесь с нами.
2018-03-23T00:18:44+03:00 INFO (6): Часть 1
2018-03-23T00:18:44+03:00 DEBUG (7): subject: Заявка на новый товар с портала Авто.ру
2018-03-23T00:18:44+03:00 DEBUG (7): type: multipart/mixed;
 boundary="===============3882167372329129705=="
2018-03-23T00:18:44+03:00 DEBUG (7): headers:
2018-03-23T00:18:44+03:00 DEBUG (7): content:
2018-03-23T00:18:44+03:00 INFO (6): Часть 2
2018-03-23T00:18:44+03:00 DEBUG (7): subject:
2018-03-23T00:18:44+03:00 DEBUG (7): type: text/html;
 charset="utf-8"
2018-03-23T00:18:44+03:00 DEBUG (7): headers:
2018-03-23T00:18:44+03:00 DEBUG (7): content: mail Размещение на Авто.ру. Здравствуйте! Вам поступила заявка на товар Трос стояночного тормоза HYUNDAI STAREX 01-06 PMC 599134A231 599134A231 PARTS-MALL PTA-501, 2 шт. [Объявление на Авто.ру] Автомобиль: Hyundai Starex Номер запчасти: PTA-501 Информация о покупателе: Телефон: 79214524993 Адрес доставки: КАРЕЛИЯ Питкяранта Счастливого пути. Команда Запчасти на Авто.ру Письмо отправлено автоматически. Если вы считаете, что получили его по ошибке свяжитесь с нами.
2018-03-23T00:19:29+03:00 INFO (6): autoru@autopartslist.ru
2018-03-23T00:19:29+03:00 INFO (6): Часть 0
2018-03-23T00:19:29+03:00 DEBUG (7): subject: Заявка на новый товар с портала Авто.ру
2018-03-23T00:19:29+03:00 DEBUG (7): type: multipart/mixed;
 boundary="===============4344263262206975192=="
2018-03-23T00:19:29+03:00 DEBUG (7): headers:
2018-03-23T00:19:29+03:00 DEBUG (7): content:
2018-03-23T00:19:29+03:00 INFO (6): Часть 1
2018-03-23T00:19:29+03:00 DEBUG (7): subject:
2018-03-23T00:19:29+03:00 DEBUG (7): type: text/html;
 charset="utf-8"
2018-03-23T00:19:29+03:00 DEBUG (7): headers:
2018-03-23T00:19:29+03:00 DEBUG (7): content: mail Размещение на Авто.ру. Здравствуйте! Вам поступила заявка на товар Термостат KIA SPECTRA 00-/RIO 1.3/1.5/1.6 00-05 LUZAR LT 0871, 1 шт. [Объявление на Авто.ру] Автомобиль: Kia Spectra Номер запчасти: LT 0871 Информация о покупателе: Телефон: 79112003540 Счастливого пути. Команда Запчасти на Авто.ру Письмо отправлено автоматически. Если вы считаете, что получили его по ошибке свяжитесь с нами.
2018-03-23T00:19:29+03:00 INFO (6): Часть 1
2018-03-23T00:19:29+03:00 DEBUG (7): subject: Заявка на новый товар с портала Авто.ру
2018-03-23T00:19:29+03:00 DEBUG (7): type: multipart/mixed;
 boundary="===============3882167372329129705=="
2018-03-23T00:19:29+03:00 DEBUG (7): headers:
2018-03-23T00:19:29+03:00 DEBUG (7): content:
2018-03-23T00:19:29+03:00 INFO (6): Часть 2
2018-03-23T00:19:29+03:00 DEBUG (7): subject:
2018-03-23T00:19:29+03:00 DEBUG (7): type: text/html;
 charset="utf-8"
2018-03-23T00:19:29+03:00 DEBUG (7): headers:
2018-03-23T00:19:29+03:00 DEBUG (7): content: mail Размещение на Авто.ру. Здравствуйте! Вам поступила заявка на товар Трос стояночного тормоза HYUNDAI STAREX 01-06 PMC 599134A231 599134A231 PARTS-MALL PTA-501, 2 шт. [Объявление на Авто.ру] Автомобиль: Hyundai Starex Номер запчасти: PTA-501 Информация о покупателе: Телефон: 79214524993 Адрес доставки: КАРЕЛИЯ Питкяранта Счастливого пути. Команда Запчасти на Авто.ру Письмо отправлено автоматически. Если вы считаете, что получили его по ошибке свяжитесь с нами.
2018-03-23T00:20:27+03:00 INFO (6): autoru@autopartslist.ru
2018-03-23T00:20:29+03:00 INFO (6): Часть 0
2018-03-23T00:20:29+03:00 DEBUG (7): subject: Заявка на новый товар с портала Авто.ру
2018-03-23T00:20:29+03:00 DEBUG (7): type: multipart/mixed;
 boundary="===============4344263262206975192=="
2018-03-23T00:20:29+03:00 DEBUG (7): headers:
2018-03-23T00:20:29+03:00 DEBUG (7): content:
2018-03-23T00:20:29+03:00 INFO (6): Часть 1
2018-03-23T00:20:29+03:00 DEBUG (7): subject:
2018-03-23T00:20:29+03:00 DEBUG (7): type: text/html;
 charset="utf-8"
2018-03-23T00:20:29+03:00 DEBUG (7): headers:
2018-03-23T00:20:29+03:00 DEBUG (7): content: mail Размещение на Авто.ру. Здравствуйте! Вам поступила заявка на товар Термостат KIA SPECTRA 00-/RIO 1.3/1.5/1.6 00-05 LUZAR LT 0871, 1 шт. [Объявление на Авто.ру] Автомобиль: Kia Spectra Номер запчасти: LT 0871 Информация о покупателе: Телефон: 79112003540 Счастливого пути. Команда Запчасти на Авто.ру Письмо отправлено автоматически. Если вы считаете, что получили его по ошибке свяжитесь с нами.
2018-03-23T00:20:29+03:00 INFO (6): Часть 1
2018-03-23T00:20:29+03:00 DEBUG (7): subject: Заявка на новый товар с портала Авто.ру
2018-03-23T00:20:29+03:00 DEBUG (7): type: multipart/mixed;
 boundary="===============3882167372329129705=="
2018-03-23T00:20:29+03:00 DEBUG (7): headers:
2018-03-23T00:20:29+03:00 DEBUG (7): content:
2018-03-23T00:20:29+03:00 INFO (6): Часть 2
2018-03-23T00:20:29+03:00 DEBUG (7): subject:
2018-03-23T00:20:29+03:00 DEBUG (7): type: text/html;
 charset="utf-8"
2018-03-23T00:20:29+03:00 DEBUG (7): headers:
2018-03-23T00:20:29+03:00 DEBUG (7): content: mail Размещение на Авто.ру. Здравствуйте! Вам поступила заявка на товар Трос стояночного тормоза HYUNDAI STAREX 01-06 PMC 599134A231 599134A231 PARTS-MALL PTA-501, 2 шт. [Объявление на Авто.ру] Автомобиль: Hyundai Starex Номер запчасти: PTA-501 Информация о покупателе: Телефон: 79214524993 Адрес доставки: КАРЕЛИЯ Питкяранта Счастливого пути. Команда Запчасти на Авто.ру Письмо отправлено автоматически. Если вы считаете, что получили его по ошибке свяжитесь с нами.
2018-03-23T00:21:00+03:00 INFO (6): autoru@autopartslist.ru
2018-03-23T00:21:00+03:00 INFO (6): Часть 0
2018-03-23T00:21:00+03:00 DEBUG (7): subject: Заявка на новый товар с портала Авто.ру
2018-03-23T00:21:00+03:00 DEBUG (7): type: multipart/mixed;
 boundary="===============4344263262206975192=="
2018-03-23T00:21:00+03:00 DEBUG (7): headers:
2018-03-23T00:21:00+03:00 DEBUG (7): content:
2018-03-23T00:21:00+03:00 INFO (6): Часть 1
2018-03-23T00:21:00+03:00 DEBUG (7): subject:
2018-03-23T00:21:00+03:00 DEBUG (7): type: text/html;
 charset="utf-8"
2018-03-23T00:21:00+03:00 DEBUG (7): headers:
2018-03-23T00:21:00+03:00 DEBUG (7): content: mail Размещение на Авто.ру. Здравствуйте! Вам поступила заявка на товар Термостат KIA SPECTRA 00-/RIO 1.3/1.5/1.6 00-05 LUZAR LT 0871, 1 шт. [Объявление на Авто.ру] Автомобиль: Kia Spectra Номер запчасти: LT 0871 Информация о покупателе: Телефон: 79112003540 Счастливого пути. Команда Запчасти на Авто.ру Письмо отправлено автоматически. Если вы считаете, что получили его по ошибке свяжитесь с нами.
2018-03-23T00:21:00+03:00 INFO (6): Часть 1
2018-03-23T00:21:00+03:00 DEBUG (7): subject: Заявка на новый товар с портала Авто.ру
2018-03-23T00:21:00+03:00 DEBUG (7): type: multipart/mixed;
 boundary="===============3882167372329129705=="
2018-03-23T00:21:00+03:00 DEBUG (7): headers:
2018-03-23T00:21:00+03:00 DEBUG (7): content:
2018-03-23T00:21:00+03:00 INFO (6): Часть 2
2018-03-23T00:21:00+03:00 DEBUG (7): subject:
2018-03-23T00:21:00+03:00 DEBUG (7): type: text/html;
 charset="utf-8"
2018-03-23T00:21:00+03:00 DEBUG (7): headers:
2018-03-23T00:21:00+03:00 DEBUG (7): content: mail Размещение на Авто.ру. Здравствуйте! Вам поступила заявка на товар Трос стояночного тормоза HYUNDAI STAREX 01-06 PMC 599134A231 599134A231 PARTS-MALL PTA-501, 2 шт. [Объявление на Авто.ру] Автомобиль: Hyundai Starex Номер запчасти: PTA-501 Информация о покупателе: Телефон: 79214524993 Адрес доставки: КАРЕЛИЯ Питкяранта Счастливого пути. Команда Запчасти на Авто.ру Письмо отправлено автоматически. Если вы считаете, что получили его по ошибке свяжитесь с нами.
2018-03-23T00:22:17+03:00 INFO (6): autoru@autopartslist.ru
2018-03-23T00:22:18+03:00 INFO (6): Часть 0
2018-03-23T00:22:18+03:00 DEBUG (7): subject: Заявка на новый товар с портала Авто.ру
2018-03-23T00:22:18+03:00 DEBUG (7): type: multipart/mixed;
 boundary="===============4344263262206975192=="
2018-03-23T00:22:18+03:00 DEBUG (7): headers:
2018-03-23T00:22:18+03:00 DEBUG (7): content:
2018-03-23T00:22:18+03:00 INFO (6): Часть 1
2018-03-23T00:22:18+03:00 DEBUG (7): subject:
2018-03-23T00:22:18+03:00 DEBUG (7): type: text/html;
 charset="utf-8"
2018-03-23T00:22:18+03:00 DEBUG (7): headers:
2018-03-23T00:22:18+03:00 DEBUG (7): content: mail Размещение на Авто.ру. Здравствуйте! Вам поступила заявка на товар Термостат KIA SPECTRA 00-/RIO 1.3/1.5/1.6 00-05 LUZAR LT 0871, 1 шт. [Объявление на Авто.ру] Автомобиль: Kia Spectra Номер запчасти: LT 0871 Информация о покупателе: Телефон: 79112003540 Счастливого пути. Команда Запчасти на Авто.ру Письмо отправлено автоматически. Если вы считаете, что получили его по ошибке свяжитесь с нами.
2018-03-23T00:22:18+03:00 INFO (6): Часть 1
2018-03-23T00:22:18+03:00 DEBUG (7): subject: Заявка на новый товар с портала Авто.ру
2018-03-23T00:22:18+03:00 DEBUG (7): type: multipart/mixed;
 boundary="===============3882167372329129705=="
2018-03-23T00:22:18+03:00 DEBUG (7): headers:
2018-03-23T00:22:18+03:00 DEBUG (7): content:
2018-03-23T00:22:18+03:00 INFO (6): Часть 2
2018-03-23T00:22:18+03:00 DEBUG (7): subject:
2018-03-23T00:22:18+03:00 DEBUG (7): type: text/html;
 charset="utf-8"
2018-03-23T00:22:18+03:00 DEBUG (7): headers:
2018-03-23T00:22:18+03:00 DEBUG (7): content: mail Размещение на Авто.ру. Здравствуйте! Вам поступила заявка на товар Трос стояночного тормоза HYUNDAI STAREX 01-06 PMC 599134A231 599134A231 PARTS-MALL PTA-501, 2 шт. [Объявление на Авто.ру] Автомобиль: Hyundai Starex Номер запчасти: PTA-501 Информация о покупателе: Телефон: 79214524993 Адрес доставки: КАРЕЛИЯ Питкяранта Счастливого пути. Команда Запчасти на Авто.ру Письмо отправлено автоматически. Если вы считаете, что получили его по ошибке свяжитесь с нами.
2018-03-23T00:22:58+03:00 INFO (6): autoru@autopartslist.ru
2018-03-23T00:22:58+03:00 INFO (6): Часть 0
2018-03-23T00:22:58+03:00 DEBUG (7): subject: Заявка на новый товар с портала Авто.ру
2018-03-23T00:22:58+03:00 DEBUG (7): type: multipart/mixed;
 boundary="===============4344263262206975192=="
2018-03-23T00:22:58+03:00 DEBUG (7): headers:
2018-03-23T00:22:58+03:00 DEBUG (7): content:
2018-03-23T00:22:58+03:00 INFO (6): Часть 1
2018-03-23T00:22:58+03:00 DEBUG (7): subject:
2018-03-23T00:22:58+03:00 DEBUG (7): type: text/html;
 charset="utf-8"
2018-03-23T00:22:58+03:00 DEBUG (7): headers:
2018-03-23T00:22:58+03:00 DEBUG (7): content: mail Размещение на Авто.ру. Здравствуйте! Вам поступила заявка на товар Термостат KIA SPECTRA 00-/RIO 1.3/1.5/1.6 00-05 LUZAR LT 0871, 1 шт. [Объявление на Авто.ру] Автомобиль: Kia Spectra Номер запчасти: LT 0871 Информация о покупателе: Телефон: 79112003540 Счастливого пути. Команда Запчасти на Авто.ру Письмо отправлено автоматически. Если вы считаете, что получили его по ошибке свяжитесь с нами.
2018-03-23T00:22:58+03:00 INFO (6): Часть 1
2018-03-23T00:22:58+03:00 DEBUG (7): subject: Заявка на новый товар с портала Авто.ру
2018-03-23T00:22:58+03:00 DEBUG (7): type: multipart/mixed;
 boundary="===============3882167372329129705=="
2018-03-23T00:22:58+03:00 DEBUG (7): headers:
2018-03-23T00:22:58+03:00 DEBUG (7): content:
2018-03-23T00:22:58+03:00 INFO (6): Часть 2
2018-03-23T00:22:58+03:00 DEBUG (7): subject:
2018-03-23T00:22:58+03:00 DEBUG (7): type: text/html;
 charset="utf-8"
2018-03-23T00:22:58+03:00 DEBUG (7): headers:
2018-03-23T00:22:58+03:00 DEBUG (7): content: mail Размещение на Авто.ру. Здравствуйте! Вам поступила заявка на товар Трос стояночного тормоза HYUNDAI STAREX 01-06 PMC 599134A231 599134A231 PARTS-MALL PTA-501, 2 шт. [Объявление на Авто.ру] Автомобиль: Hyundai Starex Номер запчасти: PTA-501 Информация о покупателе: Телефон: 79214524993 Адрес доставки: КАРЕЛИЯ Питкяранта Счастливого пути. Команда Запчасти на Авто.ру Письмо отправлено автоматически. Если вы считаете, что получили его по ошибке свяжитесь с нами.
